{"E:\\esc\\Javascript 2021\\1° Ejercicios\\fizzbuzz\\fizzbuzz.js": {"path":"E:\\esc\\Javascript 2021\\1° Ejercicios\\fizzbuzz\\fizzbuzz.js","all":false,"statementMap":{"0":{"start":{"line":1,"column":0},"end":{"line":1,"column":23}},"1":{"start":{"line":2,"column":0},"end":{"line":2,"column":32}},"2":{"start":{"line":3,"column":0},"end":{"line":3,"column":53}},"3":{"start":{"line":4,"column":0},"end":{"line":4,"column":5}},"4":{"start":{"line":5,"column":0},"end":{"line":5,"column":61}},"5":{"start":{"line":6,"column":0},"end":{"line":6,"column":0}},"6":{"start":{"line":7,"column":0},"end":{"line":7,"column":17}},"7":{"start":{"line":8,"column":0},"end":{"line":8,"column":17}},"8":{"start":{"line":9,"column":0},"end":{"line":9,"column":5}},"9":{"start":{"line":10,"column":0},"end":{"line":10,"column":47}},"10":{"start":{"line":11,"column":0},"end":{"line":11,"column":26}},"11":{"start":{"line":12,"column":0},"end":{"line":12,"column":5}},"12":{"start":{"line":13,"column":0},"end":{"line":13,"column":27}},"13":{"start":{"line":14,"column":0},"end":{"line":14,"column":22}},"14":{"start":{"line":15,"column":0},"end":{"line":15,"column":5}},"15":{"start":{"line":16,"column":0},"end":{"line":16,"column":27}},"16":{"start":{"line":17,"column":0},"end":{"line":17,"column":22}},"17":{"start":{"line":18,"column":0},"end":{"line":18,"column":5}},"18":{"start":{"line":19,"column":0},"end":{"line":19,"column":22}},"19":{"start":{"line":20,"column":0},"end":{"line":20,"column":22}},"20":{"start":{"line":21,"column":0},"end":{"line":21,"column":5}},"21":{"start":{"line":22,"column":0},"end":{"line":22,"column":15}},"22":{"start":{"line":23,"column":0},"end":{"line":23,"column":2}},"23":{"start":{"line":24,"column":0},"end":{"line":24,"column":0}},"24":{"start":{"line":25,"column":0},"end":{"line":25,"column":21}},"25":{"start":{"line":26,"column":0},"end":{"line":26,"column":28}},"26":{"start":{"line":27,"column":0},"end":{"line":27,"column":44}},"27":{"start":{"line":28,"column":0},"end":{"line":28,"column":5}},"28":{"start":{"line":29,"column":0},"end":{"line":29,"column":1}},"29":{"start":{"line":30,"column":0},"end":{"line":30,"column":10}},"30":{"start":{"line":31,"column":0},"end":{"line":31,"column":0}},"31":{"start":{"line":32,"column":0},"end":{"line":32,"column":26}}},"s":{"0":25,"1":25,"2":1,"3":1,"4":24,"5":24,"6":25,"7":1,"8":1,"9":25,"10":2,"11":2,"12":25,"13":6,"14":6,"15":25,"16":4,"17":4,"18":25,"19":6,"20":6,"21":5,"22":5,"23":1,"24":1,"25":1,"26":17,"27":17,"28":1,"29":1,"30":1,"31":1},"branchMap":{"0":{"type":"branch","line":1,"loc":{"start":{"line":1,"column":0},"end":{"line":23,"column":2}},"locations":[{"start":{"line":1,"column":0},"end":{"line":23,"column":2}}]},"1":{"type":"branch","line":2,"loc":{"start":{"line":2,"column":31},"end":{"line":4,"column":5}},"locations":[{"start":{"line":2,"column":31},"end":{"line":4,"column":5}}]},"2":{"type":"branch","line":5,"loc":{"start":{"line":5,"column":-2},"end":{"line":7,"column":7}},"locations":[{"start":{"line":5,"column":-2},"end":{"line":7,"column":7}}]},"3":{"type":"branch","line":7,"loc":{"start":{"line":7,"column":16},"end":{"line":9,"column":5}},"locations":[{"start":{"line":7,"column":16},"end":{"line":9,"column":5}}]},"4":{"type":"branch","line":10,"loc":{"start":{"line":10,"column":-2},"end":{"line":10,"column":17}},"locations":[{"start":{"line":10,"column":-2},"end":{"line":10,"column":17}}]},"5":{"type":"branch","line":10,"loc":{"start":{"line":10,"column":8},"end":{"line":10,"column":38}},"locations":[{"start":{"line":10,"column":8},"end":{"line":10,"column":38}}]},"6":{"type":"branch","line":10,"loc":{"start":{"line":10,"column":46},"end":{"line":12,"column":5}},"locations":[{"start":{"line":10,"column":46},"end":{"line":12,"column":5}}]},"7":{"type":"branch","line":13,"loc":{"start":{"line":13,"column":-2},"end":{"line":13,"column":8}},"locations":[{"start":{"line":13,"column":-2},"end":{"line":13,"column":8}}]},"8":{"type":"branch","line":13,"loc":{"start":{"line":13,"column":26},"end":{"line":15,"column":5}},"locations":[{"start":{"line":13,"column":26},"end":{"line":15,"column":5}}]},"9":{"type":"branch","line":16,"loc":{"start":{"line":16,"column":-2},"end":{"line":16,"column":8}},"locations":[{"start":{"line":16,"column":-2},"end":{"line":16,"column":8}}]},"10":{"type":"branch","line":16,"loc":{"start":{"line":16,"column":26},"end":{"line":18,"column":5}},"locations":[{"start":{"line":16,"column":26},"end":{"line":18,"column":5}}]},"11":{"type":"branch","line":19,"loc":{"start":{"line":19,"column":-2},"end":{"line":19,"column":8}},"locations":[{"start":{"line":19,"column":-2},"end":{"line":19,"column":8}}]},"12":{"type":"branch","line":19,"loc":{"start":{"line":19,"column":21},"end":{"line":21,"column":5}},"locations":[{"start":{"line":19,"column":21},"end":{"line":21,"column":5}}]},"13":{"type":"branch","line":22,"loc":{"start":{"line":22,"column":-2},"end":{"line":23,"column":2}},"locations":[{"start":{"line":22,"column":-2},"end":{"line":23,"column":2}}]},"14":{"type":"branch","line":5,"loc":{"start":{"line":5,"column":22},"end":{"line":5,"column":61}},"locations":[{"start":{"line":5,"column":22},"end":{"line":5,"column":61}}]},"15":{"type":"branch","line":25,"loc":{"start":{"line":25,"column":0},"end":{"line":29,"column":1}},"locations":[{"start":{"line":25,"column":0},"end":{"line":29,"column":1}}]},"16":{"type":"branch","line":26,"loc":{"start":{"line":26,"column":27},"end":{"line":28,"column":5}},"locations":[{"start":{"line":26,"column":27},"end":{"line":28,"column":5}}]}},"b":{"0":[25],"1":[1],"2":[24],"3":[1],"4":[23],"5":[8],"6":[2],"7":[21],"8":[6],"9":[15],"10":[4],"11":[11],"12":[6],"13":[5],"14":[67],"15":[1],"16":[17]},"fnMap":{"0":{"name":"fizzbuzz","decl":{"start":{"line":1,"column":0},"end":{"line":23,"column":2}},"loc":{"start":{"line":1,"column":0},"end":{"line":23,"column":2}},"line":1},"1":{"name":"divisible","decl":{"start":{"line":5,"column":22},"end":{"line":5,"column":61}},"loc":{"start":{"line":5,"column":22},"end":{"line":5,"column":61}},"line":5},"2":{"name":"print","decl":{"start":{"line":25,"column":0},"end":{"line":29,"column":1}},"loc":{"start":{"line":25,"column":0},"end":{"line":29,"column":1}},"line":25}},"f":{"0":25,"1":67,"2":1}}
}
