TN:
SF:fizzbuzz.js
FN:1,fizzbuzz
FN:5,divisible
FN:25,print
FNF:3
FNH:3
FNDA:25,fizzbuzz
FNDA:67,divisible
FNDA:1,print
DA:1,25
DA:2,25
DA:3,1
DA:4,1
DA:5,24
DA:6,24
DA:7,25
DA:8,1
DA:9,1
DA:10,25
DA:11,2
DA:12,2
DA:13,25
DA:14,6
DA:15,6
DA:16,25
DA:17,4
DA:18,4
DA:19,25
DA:20,6
DA:21,6
DA:22,5
DA:23,5
DA:24,1
DA:25,1
DA:26,1
DA:27,17
DA:28,17
DA:29,1
DA:30,1
DA:31,1
DA:32,1
LF:32
LH:32
BRDA:1,0,0,25
BRDA:2,1,0,1
BRDA:5,2,0,24
BRDA:7,3,0,1
BRDA:10,4,0,23
BRDA:10,5,0,8
BRDA:10,6,0,2
BRDA:13,7,0,21
BRDA:13,8,0,6
BRDA:16,9,0,15
BRDA:16,10,0,4
BRDA:19,11,0,11
BRDA:19,12,0,6
BRDA:22,13,0,5
BRDA:5,14,0,67
BRDA:25,15,0,1
BRDA:26,16,0,17
BRF:17
BRH:17
end_of_record
